2025-01-09 10:48:10,186 DEBUG    root            Loaded Command Group: ['gcloud', 'compute']
2025-01-09 10:48:10,187 DEBUG    root            Loaded Command Group: ['gcloud', 'compute', 'routers']
2025-01-09 10:48:10,192 DEBUG    root            Loaded Command Group: ['gcloud', 'compute', 'routers', 'create']
2025-01-09 10:48:10,193 DEBUG    root            Running [gcloud.compute.routers.create] with arguments: [--network: "default", --region: "us-central1", NAME: "bookielink-router-dev"]
2025-01-09 10:48:10,246 DEBUG    urllib3.connectionpool Starting new HTTPS connection (1): compute.googleapis.com:443
2025-01-09 10:48:11,526 DEBUG    urllib3.connectionpool https://compute.googleapis.com:443 "POST /compute/v1/projects/bookielink-dev/regions/us-central1/routers?alt=json HTTP/1.1" 200 None
2025-01-09 10:48:11,576 INFO     ___FILE_ONLY___ Creating router [bookielink-router-dev]...
2025-01-09 10:48:12,585 DEBUG    urllib3.connectionpool Starting new HTTPS connection (1): compute.googleapis.com:443
2025-01-09 10:48:13,831 DEBUG    urllib3.connectionpool https://compute.googleapis.com:443 "POST /compute/v1/projects/bookielink-dev/regions/us-central1/operations/operation-1736394490500-62b3dd8cbd405-402925da-1c3833ff/wait?alt=json HTTP/1.1" 200 None
2025-01-09 10:48:14,023 DEBUG    urllib3.connectionpool Starting new HTTPS connection (1): compute.googleapis.com:443
2025-01-09 10:48:15,315 DEBUG    urllib3.connectionpool https://compute.googleapis.com:443 "GET /compute/v1/projects/bookielink-dev/regions/us-central1/routers/bookielink-router-dev?alt=json HTTP/1.1" 200 None
2025-01-09 10:48:15,362 DEBUG    root            Chosen display Format:    table(
      name,
      region.basename(),
      network.basename()
    )
2025-01-09 10:48:15,363 INFO     root            Display format: "    table(
      name,
      region.basename(),
      network.basename()
    )"
2025-01-09 10:48:15,393 INFO     root            cache collection=compute.routers api_version=v1 params=['project', 'region', 'router']
2025-01-09 10:48:15,430 INFO     ___FILE_ONLY___ NAME
2025-01-09 10:48:15,430 INFO     ___FILE_ONLY___                    
2025-01-09 10:48:15,430 INFO     ___FILE_ONLY___ REGION
2025-01-09 10:48:15,430 INFO     ___FILE_ONLY___        
2025-01-09 10:48:15,430 INFO     ___FILE_ONLY___ NETWORK
2025-01-09 10:48:15,430 INFO     ___FILE_ONLY___ 

2025-01-09 10:48:15,430 INFO     ___FILE_ONLY___ bookielink-router-dev
2025-01-09 10:48:15,430 INFO     ___FILE_ONLY___   
2025-01-09 10:48:15,430 INFO     ___FILE_ONLY___ us-central1
2025-01-09 10:48:15,430 INFO     ___FILE_ONLY___   
2025-01-09 10:48:15,430 INFO     ___FILE_ONLY___ default
2025-01-09 10:48:15,430 INFO     ___FILE_ONLY___ 

