2025-01-09 10:42:00,315 DEBUG    root            Loaded Command Group: ['gcloud', 'auth']
2025-01-09 10:42:00,329 DEBUG    root            Loaded Command Group: ['gcloud', 'auth', 'login']
2025-01-09 10:42:00,330 DEBUG    root            Running [gcloud.auth.login] with arguments: []
2025-01-09 10:42:03,747 DEBUG    requests_oauthlib.oauth2_session Generated new state HBZ8fPUz36gki0LGxkNuMK5NhKmjXc.
2025-01-09 10:42:03,848 INFO     ___FILE_ONLY___ Your browser has been opened to visit:

    https://accounts.google.com/o/oauth2/auth?response_type=code&client_id=32555940559.apps.googleusercontent.com&redirect_uri=http%3A%2F%2Flocalhost%3A8085%2F&scope=openid+https%3A%2F%2Fwww.googleapis.com%2Fauth%2Fuserinfo.email+https%3A%2F%2Fwww.googleapis.com%2Fauth%2Fcloud-platform+https%3A%2F%2Fwww.googleapis.com%2Fauth%2Fappengine.admin+https%3A%2F%2Fwww.googleapis.com%2Fauth%2Fsqlservice.login+https%3A%2F%2Fwww.googleapis.com%2Fauth%2Fcompute+https%3A%2F%2Fwww.googleapis.com%2Fauth%2Faccounts.reauth&state=HBZ8fPUz36gki0LGxkNuMK5NhKmjXc&access_type=offline&code_challenge=kzMePgPOIhng2LvwKaShdQB_4QcuTIZ24EX1rqck5w4&code_challenge_method=S256


2025-01-09 10:42:08,907 INFO     google_auth_oauthlib.flow "GET /?state=HBZ8fPUz36gki0LGxkNuMK5NhKmjXc&code=4/0AanRRrvkKV_EOp7Zf9IztD4tI84iRialVZA11Kr0zPm8SF4adCHiYZnNt9khcLXOkAmGzw&scope=email%20openid%20https://www.googleapis.com/auth/userinfo.email%20https://www.googleapis.com/auth/cloud-platform%20https://www.googleapis.com/auth/appengine.admin%20https://www.googleapis.com/auth/sqlservice.login%20https://www.googleapis.com/auth/compute%20https://www.googleapis.com/auth/accounts.reauth&authuser=0&hd=miyagami.com&prompt=consent HTTP/1.1" 200 937
2025-01-09 10:42:08,908 DEBUG    requests_oauthlib.oauth2_session Requesting url https://oauth2.googleapis.com/token using method POST.
2025-01-09 10:42:08,908 DEBUG    requests_oauthlib.oauth2_session Supplying headers {b'Accept': b'application/json', b'Content-Type': b'application/x-www-form-urlencoded;charset=UTF-8', b'user-agent': b'google-cloud-sdk gcloud/504.0.1 command/gcloud.auth.login invocation-id/328f8dd4419b485c87813e6fc92dff08 environment/None environment-version/None client-os/MACOSX client-os-ver/24.2.0 client-pltf-arch/arm interactive/True from-script/False python/3.11.11 term/xterm-256color (Macintosh; Intel Mac OS X 24.2.0)'} and data {'grant_type': 'authorization_code', 'client_id': '32555940559.apps.googleusercontent.com', 'client_secret': 'ZmssLNjJy2998hD4CTg2ejr2', 'code': '4/0AanRRrvkKV_EOp7Zf9IztD4tI84iRialVZA11Kr0zPm8SF4adCHiYZnNt9khcLXOkAmGzw', 'redirect_uri': 'http://localhost:8085/', 'code_verifier': 'Z2RR~zaPpJi-juGccOu-frYUg1JjAf5kPapm7twPW6V9o0jLD16.85rkFkovnC2JSbWT8XXTA0.UjXqou74ESStVpQPN~MVRm.l8os4hTKz27_2D_CsyD3uCOkVKcPQg'}
2025-01-09 10:42:08,908 DEBUG    requests_oauthlib.oauth2_session Passing through key word arguments {'json': None, 'timeout': None, 'auth': None, 'verify': None, 'proxies': None}.
2025-01-09 10:42:08,918 DEBUG    urllib3.connectionpool Starting new HTTPS connection (1): oauth2.googleapis.com:443
2025-01-09 10:42:09,190 DEBUG    urllib3.connectionpool https://oauth2.googleapis.com:443 "POST /token HTTP/1.1" 200 None
2025-01-09 10:42:09,192 DEBUG    requests_oauthlib.oauth2_session Prepared fetch token request body grant_type=authorization_code&client_id=32555940559.apps.googleusercontent.com&client_secret=ZmssLNjJy2998hD4CTg2ejr2&code=4%2F0AanRRrvkKV_EOp7Zf9IztD4tI84iRialVZA11Kr0zPm8SF4adCHiYZnNt9khcLXOkAmGzw&redirect_uri=http%3A%2F%2Flocalhost%3A8085%2F&code_verifier=Z2RR~zaPpJi-juGccOu-frYUg1JjAf5kPapm7twPW6V9o0jLD16.85rkFkovnC2JSbWT8XXTA0.UjXqou74ESStVpQPN~MVRm.l8os4hTKz27_2D_CsyD3uCOkVKcPQg
2025-01-09 10:42:09,192 DEBUG    requests_oauthlib.oauth2_session Request to fetch token completed with status 200.
2025-01-09 10:42:09,192 DEBUG    requests_oauthlib.oauth2_session Request headers were {'user-agent': b'google-cloud-sdk gcloud/504.0.1 command/gcloud.auth.login invocation-id/328f8dd4419b485c87813e6fc92dff08 environment/None environment-version/None client-os/MACOSX client-os-ver/24.2.0 client-pltf-arch/arm interactive/True from-script/False python/3.11.11 term/xterm-256color (Macintosh; Intel Mac OS X 24.2.0)', 'Accept-Encoding': 'gzip, deflate', 'Accept': b'application/json', 'Connection': 'keep-alive', 'Content-Type': b'application/x-www-form-urlencoded;charset=UTF-8', 'Content-Length': '387'}
2025-01-09 10:42:09,193 DEBUG    requests_oauthlib.oauth2_session Request body was grant_type=authorization_code&client_id=32555940559.apps.googleusercontent.com&client_secret=ZmssLNjJy2998hD4CTg2ejr2&code=4%2F0AanRRrvkKV_EOp7Zf9IztD4tI84iRialVZA11Kr0zPm8SF4adCHiYZnNt9khcLXOkAmGzw&redirect_uri=http%3A%2F%2Flocalhost%3A8085%2F&code_verifier=Z2RR~zaPpJi-juGccOu-frYUg1JjAf5kPapm7twPW6V9o0jLD16.85rkFkovnC2JSbWT8XXTA0.UjXqou74ESStVpQPN~MVRm.l8os4hTKz27_2D_CsyD3uCOkVKcPQg
2025-01-09 10:42:09,193 DEBUG    requests_oauthlib.oauth2_session Response headers were {'Cache-Control': 'no-cache, no-store, max-age=0, must-revalidate', 'Date': 'Thu, 09 Jan 2025 03:42:09 GMT', 'Pragma': 'no-cache', 'Expires': 'Mon, 01 Jan 1990 00:00:00 GMT', 'Content-Type': 'application/json; charset=utf-8', 'Vary': 'Origin, X-Origin, Referer', 'Content-Encoding': 'gzip', 'Server': 'scaffolding on HTTPServer2', 'X-XSS-Protection': '0', 'X-Frame-Options': 'SAMEORIGIN', 'X-Content-Type-Options': 'nosniff', 'Alt-Svc': 'h3=":443"; ma=2592000,h3-29=":443"; ma=2592000', 'Transfer-Encoding': 'chunked'} and content {
  "access_token": "ya29.a0ARW5m777L0HuCN8OJcUr-jRiqLOGEr0AJq07zKXj_nxPJuUqHCHINL8tOMaENOD9Iizh87U5PrCCv6o9TK1bFOYHTPnPNEQk90lJ420SH_CAdYhCYpjxneXN8FzPFJOhDAOOJ6ujWKltGTJJ2Qy4fAthwUvN6CryDBqBsDPbEOriZgaCgYKAeMSARISFQHGX2MihkO7fbOD5SE42JuloU0AUQ0181",
  "expires_in": 3599,
  "refresh_token": "1//0eYosKr2YKbryCgYIARAAGA4SNwF-L9IrEQ_tnEfI1nQLxaimKdb_hFtGH9eJCuBLhLA-vd8aSb10ZRbpD5F1A_MGqAyKzgxP_iE",
  "scope": "https://www.googleapis.com/auth/compute https://www.googleapis.com/auth/accounts.reauth https://www.googleapis.com/auth/userinfo.email openid https://www.googleapis.com/auth/appengine.admin https://www.googleapis.com/auth/cloud-platform https://www.googleapis.com/auth/sqlservice.login",
  "token_type": "Bearer",
  "id_token": "eyJhbGciOiJSUzI1NiIsImtpZCI6Ijg5Y2UzNTk4YzQ3M2FmMWJkYTRiZmY5NWU2Yzg3MzY0NTAyMDZmYmEiLCJ0eXAiOiJKV1QifQ.eyJpc3MiOiJodHRwczovL2FjY291bnRzLmdvb2dsZS5jb20iLCJhenAiOiIzMjU1NTk0MDU1OS5hcHBzLmdvb2dsZXVzZXJjb250ZW50LmNvbSIsImF1ZCI6IjMyNTU1OTQwNTU5LmFwcHMuZ29vZ2xldXNlcmNvbnRlbnQuY29tIiwic3ViIjoiMTAwNTczNzA1MjkzOTMwMTgzNzgwIiwiaGQiOiJtaXlhZ2FtaS5jb20iLCJlbWFpbCI6InBob25nQG1peWFnYW1pLmNvbSIsImVtYWlsX3ZlcmlmaWVkIjp0cnVlLCJhdF9oYXNoIjoidUJxWU5BMlBUM1NKeHZncG9Rd2tsUSIsImlhdCI6MTczNjM5NDEyOSwiZXhwIjoxNzM2Mzk3NzI5fQ.XsRoEB7eK_k8kCPqyAzkKT_oX5xkyO8rPwgLC5EhafJ1d5ZfB3rOSTjZmaC701VcZ-A55lSWE3YXEjK_OYIaZHE_Ul6I6PsKFVLbwDxB40IGhHtozYFgP2U30G5g-bJAh3reIS1BHUQOiOPxBB_zNtr_82n2LjF6U6uOozvT68HRj2eIwQZvVJVBNiciIDAfHT9cYDV46l0MnfABaUjQp0p5bQEr6iJJYS1P0NARGn7UZOARPeILMyKOB_m4d7p1u8sDJGZ81Yx0FImRlrLvSG9NrKFOqm24VQ0LrQT2Ah7mvf5VQUYpf3cD8PTAk-hT7Aqzl-YFTRSH-Kpn0SvLNQ"
}.
2025-01-09 10:42:09,193 DEBUG    requests_oauthlib.oauth2_session Invoking 0 token response hooks.
2025-01-09 10:42:09,193 DEBUG    requests_oauthlib.oauth2_session Obtained token {'access_token': 'ya29.a0ARW5m777L0HuCN8OJcUr-jRiqLOGEr0AJq07zKXj_nxPJuUqHCHINL8tOMaENOD9Iizh87U5PrCCv6o9TK1bFOYHTPnPNEQk90lJ420SH_CAdYhCYpjxneXN8FzPFJOhDAOOJ6ujWKltGTJJ2Qy4fAthwUvN6CryDBqBsDPbEOriZgaCgYKAeMSARISFQHGX2MihkO7fbOD5SE42JuloU0AUQ0181', 'expires_in': 3599, 'refresh_token': '1//0eYosKr2YKbryCgYIARAAGA4SNwF-L9IrEQ_tnEfI1nQLxaimKdb_hFtGH9eJCuBLhLA-vd8aSb10ZRbpD5F1A_MGqAyKzgxP_iE', 'scope': ['https://www.googleapis.com/auth/compute', 'https://www.googleapis.com/auth/accounts.reauth', 'https://www.googleapis.com/auth/userinfo.email', 'openid', 'https://www.googleapis.com/auth/appengine.admin', 'https://www.googleapis.com/auth/cloud-platform', 'https://www.googleapis.com/auth/sqlservice.login'], 'token_type': 'Bearer', 'id_token': 'eyJhbGciOiJSUzI1NiIsImtpZCI6Ijg5Y2UzNTk4YzQ3M2FmMWJkYTRiZmY5NWU2Yzg3MzY0NTAyMDZmYmEiLCJ0eXAiOiJKV1QifQ.eyJpc3MiOiJodHRwczovL2FjY291bnRzLmdvb2dsZS5jb20iLCJhenAiOiIzMjU1NTk0MDU1OS5hcHBzLmdvb2dsZXVzZXJjb250ZW50LmNvbSIsImF1ZCI6IjMyNTU1OTQwNTU5LmFwcHMuZ29vZ2xldXNlcmNvbnRlbnQuY29tIiwic3ViIjoiMTAwNTczNzA1MjkzOTMwMTgzNzgwIiwiaGQiOiJtaXlhZ2FtaS5jb20iLCJlbWFpbCI6InBob25nQG1peWFnYW1pLmNvbSIsImVtYWlsX3ZlcmlmaWVkIjp0cnVlLCJhdF9oYXNoIjoidUJxWU5BMlBUM1NKeHZncG9Rd2tsUSIsImlhdCI6MTczNjM5NDEyOSwiZXhwIjoxNzM2Mzk3NzI5fQ.XsRoEB7eK_k8kCPqyAzkKT_oX5xkyO8rPwgLC5EhafJ1d5ZfB3rOSTjZmaC701VcZ-A55lSWE3YXEjK_OYIaZHE_Ul6I6PsKFVLbwDxB40IGhHtozYFgP2U30G5g-bJAh3reIS1BHUQOiOPxBB_zNtr_82n2LjF6U6uOozvT68HRj2eIwQZvVJVBNiciIDAfHT9cYDV46l0MnfABaUjQp0p5bQEr6iJJYS1P0NARGn7UZOARPeILMyKOB_m4d7p1u8sDJGZ81Yx0FImRlrLvSG9NrKFOqm24VQ0LrQT2Ah7mvf5VQUYpf3cD8PTAk-hT7Aqzl-YFTRSH-Kpn0SvLNQ', 'expires_at': 1736397728.1936488}.
2025-01-09 10:42:09,214 INFO     ___FILE_ONLY___ 
You are now logged in as [phong@miyagami.com].
Your current project is [None].  You can change this setting by running:
  $ gcloud config set project PROJECT_ID

2025-01-09 10:42:09,215 DEBUG    root            Chosen display Format:none
2025-01-09 10:42:09,215 INFO     root            Display format: "none"
2025-01-09 10:42:09,231 DEBUG    root            Checking for updates...
2025-01-09 10:42:09,234 DEBUG    urllib3.connectionpool Starting new HTTPS connection (1): dl.google.com:443
2025-01-09 10:42:09,462 DEBUG    urllib3.connectionpool https://dl.google.com:443 "GET /dl/cloudsdk/channels/rapid/components-2.json HTTP/1.1" 200 227824
2025-01-09 10:42:09,656 DEBUG    root            Updating notification cache...
2025-01-09 10:42:09,656 DEBUG    root            Activating notification: [default]
2025-01-09 10:42:09,656 INFO     ___FILE_ONLY___ 

Updates are available for some Google Cloud CLI components.  To install them,
please run:
  $ gcloud components update


