2025-01-09 10:51:30,433 DEBUG    root            Loaded Command Group: ['gcloud', 'compute']
2025-01-09 10:51:30,435 DEBUG    root            Loaded Command Group: ['gcloud', 'compute', 'addresses']
2025-01-09 10:51:30,441 DEBUG    root            Loaded Command Group: ['gcloud', 'compute', 'addresses', 'list']
2025-01-09 10:51:30,441 DEBUG    root            Running [gcloud.compute.addresses.list] with arguments: []
2025-01-09 10:51:30,498 DEBUG    root            Chosen display Format:        table(
          name,
          address_range():label=ADDRESS/RANGE,
          address_type:label=TYPE,
          purpose,
          network.basename(),
          region.basename(),
          subnetwork.basename():label=SUBNET,
          status
        )
2025-01-09 10:51:30,498 INFO     root            Display format: "        table(
          name,
          address_range():label=ADDRESS/RANGE,
          address_type:label=TYPE,
          purpose,
          network.basename(),
          region.basename(),
          subnetwork.basename():label=SUBNET,
          status
        )"
2025-01-09 10:51:30,502 DEBUG    urllib3.connectionpool Starting new HTTPS connection (1): compute.googleapis.com:443
2025-01-09 10:51:31,192 DEBUG    urllib3.connectionpool https://compute.googleapis.com:443 "GET /compute/v1/projects/bookielink-dev/aggregated/addresses?alt=json&includeAllScopes=True&maxResults=500&returnPartialSuccess=True HTTP/1.1" 200 None
2025-01-09 10:51:31,266 INFO     root            cache collection=compute.addresses api_version=v1 params=['project', 'region', 'address']
2025-01-09 10:51:31,266 INFO     root            cache collection=compute.globalAddresses api_version=v1 params=['project', 'address']
2025-01-09 10:51:31,316 INFO     ___FILE_ONLY___ NAME
2025-01-09 10:51:31,316 INFO     ___FILE_ONLY___                       
2025-01-09 10:51:31,316 INFO     ___FILE_ONLY___ ADDRESS/RANGE
2025-01-09 10:51:31,316 INFO     ___FILE_ONLY___   
2025-01-09 10:51:31,316 INFO     ___FILE_ONLY___ TYPE
2025-01-09 10:51:31,316 INFO     ___FILE_ONLY___       
2025-01-09 10:51:31,316 INFO     ___FILE_ONLY___ PURPOSE
2025-01-09 10:51:31,316 INFO     ___FILE_ONLY___   
2025-01-09 10:51:31,316 INFO     ___FILE_ONLY___ NETWORK
2025-01-09 10:51:31,316 INFO     ___FILE_ONLY___   
2025-01-09 10:51:31,316 INFO     ___FILE_ONLY___ REGION
2025-01-09 10:51:31,316 INFO     ___FILE_ONLY___        
2025-01-09 10:51:31,316 INFO     ___FILE_ONLY___ SUBNET
2025-01-09 10:51:31,316 INFO     ___FILE_ONLY___   
2025-01-09 10:51:31,316 INFO     ___FILE_ONLY___ STATUS
2025-01-09 10:51:31,316 INFO     ___FILE_ONLY___ 

2025-01-09 10:51:31,316 INFO     ___FILE_ONLY___ bookielink-router-dev-ip
2025-01-09 10:51:31,316 INFO     ___FILE_ONLY___   
2025-01-09 10:51:31,316 INFO     ___FILE_ONLY___ 34.123.55.57
2025-01-09 10:51:31,316 INFO     ___FILE_ONLY___    
2025-01-09 10:51:31,316 INFO     ___FILE_ONLY___ EXTERNAL
2025-01-09 10:51:31,316 INFO     ___FILE_ONLY___                     
2025-01-09 10:51:31,316 INFO     ___FILE_ONLY___ us-central1
2025-01-09 10:51:31,316 INFO     ___FILE_ONLY___           
2025-01-09 10:51:31,316 INFO     ___FILE_ONLY___ RESERVED
2025-01-09 10:51:31,316 INFO     ___FILE_ONLY___ 

