2025-01-09 11:47:43,331 DEBUG    root            Loaded Command Group: ['gcloud', 'functions']
2025-01-09 11:47:43,367 DEBUG    root            Loaded Command Group: ['gcloud', 'functions', 'describe']
2025-01-09 11:47:43,375 DEBUG    root            Running [gcloud.functions.describe] with arguments: [NAME: "arrows"]
2025-01-09 11:47:43,383 DEBUG    google.auth.transport.requests Making request: POST https://oauth2.googleapis.com/token
2025-01-09 11:47:43,387 DEBUG    urllib3.connectionpool Starting new HTTPS connection (1): oauth2.googleapis.com:443
2025-01-09 11:47:43,651 DEBUG    urllib3.connectionpool https://oauth2.googleapis.com:443 "POST /token HTTP/1.1" 200 None
2025-01-09 11:47:43,711 DEBUG    urllib3.connectionpool Starting new HTTPS connection (1): cloudfunctions.googleapis.com:443
2025-01-09 11:47:44,976 DEBUG    urllib3.connectionpool https://cloudfunctions.googleapis.com:443 "GET /v2/projects/bookielink-dev/locations/us-central1/functions/arrows?alt=json HTTP/1.1" 200 None
2025-01-09 11:47:44,992 DEBUG    root            Chosen display Format:default
2025-01-09 11:47:44,993 INFO     root            Display format: "default"
2025-01-09 11:47:45,011 INFO     ___FILE_ONLY___ buildConfig
2025-01-09 11:47:45,011 INFO     ___FILE_ONLY___ :
2025-01-09 11:47:45,011 INFO     ___FILE_ONLY___ 

2025-01-09 11:47:45,011 INFO     ___FILE_ONLY___   
2025-01-09 11:47:45,011 INFO     ___FILE_ONLY___ automaticUpdatePolicy
2025-01-09 11:47:45,011 INFO     ___FILE_ONLY___ :
2025-01-09 11:47:45,011 INFO     ___FILE_ONLY___  {
2025-01-09 11:47:45,011 INFO     ___FILE_ONLY___ }
2025-01-09 11:47:45,011 INFO     ___FILE_ONLY___ 

2025-01-09 11:47:45,011 INFO     ___FILE_ONLY___   
2025-01-09 11:47:45,011 INFO     ___FILE_ONLY___ build
2025-01-09 11:47:45,011 INFO     ___FILE_ONLY___ :
2025-01-09 11:47:45,011 INFO     ___FILE_ONLY___  
2025-01-09 11:47:45,012 INFO     ___FILE_ONLY___ projects/510026108535/locations/us-central1/builds/d2da1f97-edef-4782-9d3e-35f02643d6dd
2025-01-09 11:47:45,012 INFO     ___FILE_ONLY___ 

2025-01-09 11:47:45,012 INFO     ___FILE_ONLY___   
2025-01-09 11:47:45,012 INFO     ___FILE_ONLY___ dockerRegistry
2025-01-09 11:47:45,012 INFO     ___FILE_ONLY___ :
2025-01-09 11:47:45,012 INFO     ___FILE_ONLY___  
2025-01-09 11:47:45,012 INFO     ___FILE_ONLY___ ARTIFACT_REGISTRY
2025-01-09 11:47:45,012 INFO     ___FILE_ONLY___ 

2025-01-09 11:47:45,012 INFO     ___FILE_ONLY___   
2025-01-09 11:47:45,012 INFO     ___FILE_ONLY___ dockerRepository
2025-01-09 11:47:45,012 INFO     ___FILE_ONLY___ :
2025-01-09 11:47:45,012 INFO     ___FILE_ONLY___  
2025-01-09 11:47:45,012 INFO     ___FILE_ONLY___ projects/bookielink-dev/locations/us-central1/repositories/gcf-artifacts
2025-01-09 11:47:45,012 INFO     ___FILE_ONLY___ 

2025-01-09 11:47:45,012 INFO     ___FILE_ONLY___   
2025-01-09 11:47:45,012 INFO     ___FILE_ONLY___ entryPoint
2025-01-09 11:47:45,012 INFO     ___FILE_ONLY___ :
2025-01-09 11:47:45,012 INFO     ___FILE_ONLY___  
2025-01-09 11:47:45,012 INFO     ___FILE_ONLY___ arrows
2025-01-09 11:47:45,012 INFO     ___FILE_ONLY___ 

2025-01-09 11:47:45,012 INFO     ___FILE_ONLY___   
2025-01-09 11:47:45,012 INFO     ___FILE_ONLY___ environmentVariables
2025-01-09 11:47:45,012 INFO     ___FILE_ONLY___ :
2025-01-09 11:47:45,012 INFO     ___FILE_ONLY___ 

2025-01-09 11:47:45,013 INFO     ___FILE_ONLY___     
2025-01-09 11:47:45,013 INFO     ___FILE_ONLY___ GOOGLE_NODE_RUN_SCRIPTS
2025-01-09 11:47:45,013 INFO     ___FILE_ONLY___ :
2025-01-09 11:47:45,013 INFO     ___FILE_ONLY___  '
2025-01-09 11:47:45,013 INFO     ___FILE_ONLY___ '
2025-01-09 11:47:45,013 INFO     ___FILE_ONLY___ 

2025-01-09 11:47:45,013 INFO     ___FILE_ONLY___   
2025-01-09 11:47:45,013 INFO     ___FILE_ONLY___ runtime
2025-01-09 11:47:45,013 INFO     ___FILE_ONLY___ :
2025-01-09 11:47:45,013 INFO     ___FILE_ONLY___  
2025-01-09 11:47:45,013 INFO     ___FILE_ONLY___ nodejs22
2025-01-09 11:47:45,013 INFO     ___FILE_ONLY___ 

2025-01-09 11:47:45,013 INFO     ___FILE_ONLY___   
2025-01-09 11:47:45,013 INFO     ___FILE_ONLY___ serviceAccount
2025-01-09 11:47:45,013 INFO     ___FILE_ONLY___ :
2025-01-09 11:47:45,013 INFO     ___FILE_ONLY___  
2025-01-09 11:47:45,013 INFO     ___FILE_ONLY___ projects/bookielink-dev/serviceAccounts/510026108535-compute@developer.gserviceaccount.com
2025-01-09 11:47:45,013 INFO     ___FILE_ONLY___ 

2025-01-09 11:47:45,013 INFO     ___FILE_ONLY___   
2025-01-09 11:47:45,013 INFO     ___FILE_ONLY___ source
2025-01-09 11:47:45,013 INFO     ___FILE_ONLY___ :
2025-01-09 11:47:45,013 INFO     ___FILE_ONLY___ 

2025-01-09 11:47:45,013 INFO     ___FILE_ONLY___     
2025-01-09 11:47:45,013 INFO     ___FILE_ONLY___ storageSource
2025-01-09 11:47:45,013 INFO     ___FILE_ONLY___ :
2025-01-09 11:47:45,013 INFO     ___FILE_ONLY___ 

2025-01-09 11:47:45,013 INFO     ___FILE_ONLY___       
2025-01-09 11:47:45,013 INFO     ___FILE_ONLY___ bucket
2025-01-09 11:47:45,013 INFO     ___FILE_ONLY___ :
2025-01-09 11:47:45,013 INFO     ___FILE_ONLY___  
2025-01-09 11:47:45,013 INFO     ___FILE_ONLY___ gcf-v2-sources-510026108535-us-central1
2025-01-09 11:47:45,014 INFO     ___FILE_ONLY___ 

2025-01-09 11:47:45,014 INFO     ___FILE_ONLY___       
2025-01-09 11:47:45,014 INFO     ___FILE_ONLY___ generation
2025-01-09 11:47:45,014 INFO     ___FILE_ONLY___ :
2025-01-09 11:47:45,014 INFO     ___FILE_ONLY___  '
2025-01-09 11:47:45,014 INFO     ___FILE_ONLY___ 1736397879429323
2025-01-09 11:47:45,014 INFO     ___FILE_ONLY___ '
2025-01-09 11:47:45,014 INFO     ___FILE_ONLY___ 

2025-01-09 11:47:45,014 INFO     ___FILE_ONLY___       
2025-01-09 11:47:45,014 INFO     ___FILE_ONLY___ object
2025-01-09 11:47:45,014 INFO     ___FILE_ONLY___ :
2025-01-09 11:47:45,014 INFO     ___FILE_ONLY___  
2025-01-09 11:47:45,014 INFO     ___FILE_ONLY___ arrows/function-source.zip
2025-01-09 11:47:45,014 INFO     ___FILE_ONLY___ 

2025-01-09 11:47:45,014 INFO     ___FILE_ONLY___   
2025-01-09 11:47:45,014 INFO     ___FILE_ONLY___ sourceProvenance
2025-01-09 11:47:45,014 INFO     ___FILE_ONLY___ :
2025-01-09 11:47:45,014 INFO     ___FILE_ONLY___ 

2025-01-09 11:47:45,014 INFO     ___FILE_ONLY___     
2025-01-09 11:47:45,014 INFO     ___FILE_ONLY___ resolvedStorageSource
2025-01-09 11:47:45,014 INFO     ___FILE_ONLY___ :
2025-01-09 11:47:45,015 INFO     ___FILE_ONLY___ 

2025-01-09 11:47:45,015 INFO     ___FILE_ONLY___       
2025-01-09 11:47:45,015 INFO     ___FILE_ONLY___ bucket
2025-01-09 11:47:45,015 INFO     ___FILE_ONLY___ :
2025-01-09 11:47:45,015 INFO     ___FILE_ONLY___  
2025-01-09 11:47:45,015 INFO     ___FILE_ONLY___ gcf-v2-sources-510026108535-us-central1
2025-01-09 11:47:45,015 INFO     ___FILE_ONLY___ 

2025-01-09 11:47:45,015 INFO     ___FILE_ONLY___       
2025-01-09 11:47:45,015 INFO     ___FILE_ONLY___ generation
2025-01-09 11:47:45,015 INFO     ___FILE_ONLY___ :
2025-01-09 11:47:45,015 INFO     ___FILE_ONLY___  '
2025-01-09 11:47:45,015 INFO     ___FILE_ONLY___ 1736397879429323
2025-01-09 11:47:45,015 INFO     ___FILE_ONLY___ '
2025-01-09 11:47:45,015 INFO     ___FILE_ONLY___ 

2025-01-09 11:47:45,015 INFO     ___FILE_ONLY___       
2025-01-09 11:47:45,015 INFO     ___FILE_ONLY___ object
2025-01-09 11:47:45,015 INFO     ___FILE_ONLY___ :
2025-01-09 11:47:45,015 INFO     ___FILE_ONLY___  
2025-01-09 11:47:45,015 INFO     ___FILE_ONLY___ arrows/function-source.zip
2025-01-09 11:47:45,015 INFO     ___FILE_ONLY___ 

2025-01-09 11:47:45,015 INFO     ___FILE_ONLY___ createTime
2025-01-09 11:47:45,015 INFO     ___FILE_ONLY___ :
2025-01-09 11:47:45,015 INFO     ___FILE_ONLY___  '
2025-01-09 11:47:45,015 INFO     ___FILE_ONLY___ 2025-01-09T03:58:59.764216804Z
2025-01-09 11:47:45,015 INFO     ___FILE_ONLY___ '
2025-01-09 11:47:45,015 INFO     ___FILE_ONLY___ 

2025-01-09 11:47:45,015 INFO     ___FILE_ONLY___ environment
2025-01-09 11:47:45,015 INFO     ___FILE_ONLY___ :
2025-01-09 11:47:45,015 INFO     ___FILE_ONLY___  
2025-01-09 11:47:45,015 INFO     ___FILE_ONLY___ GEN_2
2025-01-09 11:47:45,016 INFO     ___FILE_ONLY___ 

2025-01-09 11:47:45,016 INFO     ___FILE_ONLY___ labels
2025-01-09 11:47:45,016 INFO     ___FILE_ONLY___ :
2025-01-09 11:47:45,016 INFO     ___FILE_ONLY___ 

2025-01-09 11:47:45,016 INFO     ___FILE_ONLY___   
2025-01-09 11:47:45,016 INFO     ___FILE_ONLY___ deployment-tool
2025-01-09 11:47:45,016 INFO     ___FILE_ONLY___ :
2025-01-09 11:47:45,016 INFO     ___FILE_ONLY___  
2025-01-09 11:47:45,016 INFO     ___FILE_ONLY___ cli-firebase
2025-01-09 11:47:45,016 INFO     ___FILE_ONLY___ 

2025-01-09 11:47:45,016 INFO     ___FILE_ONLY___   
2025-01-09 11:47:45,016 INFO     ___FILE_ONLY___ firebase-functions-hash
2025-01-09 11:47:45,016 INFO     ___FILE_ONLY___ :
2025-01-09 11:47:45,016 INFO     ___FILE_ONLY___  
2025-01-09 11:47:45,016 INFO     ___FILE_ONLY___ 8c1565925b0c736deecbffce7c8eb9a584dcb848
2025-01-09 11:47:45,016 INFO     ___FILE_ONLY___ 

2025-01-09 11:47:45,016 INFO     ___FILE_ONLY___ name
2025-01-09 11:47:45,016 INFO     ___FILE_ONLY___ :
2025-01-09 11:47:45,016 INFO     ___FILE_ONLY___  
2025-01-09 11:47:45,016 INFO     ___FILE_ONLY___ projects/bookielink-dev/locations/us-central1/functions/arrows
2025-01-09 11:47:45,016 INFO     ___FILE_ONLY___ 

2025-01-09 11:47:45,016 INFO     ___FILE_ONLY___ serviceConfig
2025-01-09 11:47:45,016 INFO     ___FILE_ONLY___ :
2025-01-09 11:47:45,016 INFO     ___FILE_ONLY___ 

2025-01-09 11:47:45,016 INFO     ___FILE_ONLY___   
2025-01-09 11:47:45,016 INFO     ___FILE_ONLY___ allTrafficOnLatestRevision
2025-01-09 11:47:45,016 INFO     ___FILE_ONLY___ :
2025-01-09 11:47:45,016 INFO     ___FILE_ONLY___  
2025-01-09 11:47:45,016 INFO     ___FILE_ONLY___ true
2025-01-09 11:47:45,016 INFO     ___FILE_ONLY___ 

2025-01-09 11:47:45,016 INFO     ___FILE_ONLY___   
2025-01-09 11:47:45,016 INFO     ___FILE_ONLY___ availableCpu
2025-01-09 11:47:45,016 INFO     ___FILE_ONLY___ :
2025-01-09 11:47:45,017 INFO     ___FILE_ONLY___  '
2025-01-09 11:47:45,017 INFO     ___FILE_ONLY___ 1
2025-01-09 11:47:45,017 INFO     ___FILE_ONLY___ '
2025-01-09 11:47:45,017 INFO     ___FILE_ONLY___ 

2025-01-09 11:47:45,017 INFO     ___FILE_ONLY___   
2025-01-09 11:47:45,017 INFO     ___FILE_ONLY___ availableMemory
2025-01-09 11:47:45,017 INFO     ___FILE_ONLY___ :
2025-01-09 11:47:45,017 INFO     ___FILE_ONLY___  
2025-01-09 11:47:45,017 INFO     ___FILE_ONLY___ 256Mi
2025-01-09 11:47:45,017 INFO     ___FILE_ONLY___ 

2025-01-09 11:47:45,017 INFO     ___FILE_ONLY___   
2025-01-09 11:47:45,017 INFO     ___FILE_ONLY___ environmentVariables
2025-01-09 11:47:45,017 INFO     ___FILE_ONLY___ :
2025-01-09 11:47:45,017 INFO     ___FILE_ONLY___ 

2025-01-09 11:47:45,017 INFO     ___FILE_ONLY___     
2025-01-09 11:47:45,017 INFO     ___FILE_ONLY___ EVENTARC_CLOUD_EVENT_SOURCE
2025-01-09 11:47:45,017 INFO     ___FILE_ONLY___ :
2025-01-09 11:47:45,017 INFO     ___FILE_ONLY___  
2025-01-09 11:47:45,017 INFO     ___FILE_ONLY___ projects/bookielink-dev/locations/us-central1/services/arrows
2025-01-09 11:47:45,017 INFO     ___FILE_ONLY___ 

2025-01-09 11:47:45,017 INFO     ___FILE_ONLY___     
2025-01-09 11:47:45,017 INFO     ___FILE_ONLY___ FIREBASE_CONFIG
2025-01-09 11:47:45,017 INFO     ___FILE_ONLY___ :
2025-01-09 11:47:45,017 INFO     ___FILE_ONLY___  '
2025-01-09 11:47:45,017 INFO     ___FILE_ONLY___ {"projectId":"bookielink-dev","storageBucket":"bookielink-dev.firebasestorage.app"}
2025-01-09 11:47:45,017 INFO     ___FILE_ONLY___ '
2025-01-09 11:47:45,017 INFO     ___FILE_ONLY___ 

2025-01-09 11:47:45,017 INFO     ___FILE_ONLY___     
2025-01-09 11:47:45,017 INFO     ___FILE_ONLY___ FUNCTION_TARGET
2025-01-09 11:47:45,017 INFO     ___FILE_ONLY___ :
2025-01-09 11:47:45,017 INFO     ___FILE_ONLY___  
2025-01-09 11:47:45,017 INFO     ___FILE_ONLY___ arrows
2025-01-09 11:47:45,017 INFO     ___FILE_ONLY___ 

2025-01-09 11:47:45,017 INFO     ___FILE_ONLY___     
2025-01-09 11:47:45,017 INFO     ___FILE_ONLY___ GCLOUD_PROJECT
2025-01-09 11:47:45,017 INFO     ___FILE_ONLY___ :
2025-01-09 11:47:45,017 INFO     ___FILE_ONLY___  
2025-01-09 11:47:45,017 INFO     ___FILE_ONLY___ bookielink-dev
2025-01-09 11:47:45,017 INFO     ___FILE_ONLY___ 

2025-01-09 11:47:45,017 INFO     ___FILE_ONLY___     
2025-01-09 11:47:45,018 INFO     ___FILE_ONLY___ LOG_EXECUTION_ID
2025-01-09 11:47:45,018 INFO     ___FILE_ONLY___ :
2025-01-09 11:47:45,018 INFO     ___FILE_ONLY___  '
2025-01-09 11:47:45,018 INFO     ___FILE_ONLY___ true
2025-01-09 11:47:45,018 INFO     ___FILE_ONLY___ '
2025-01-09 11:47:45,018 INFO     ___FILE_ONLY___ 

2025-01-09 11:47:45,018 INFO     ___FILE_ONLY___   
2025-01-09 11:47:45,018 INFO     ___FILE_ONLY___ ingressSettings
2025-01-09 11:47:45,018 INFO     ___FILE_ONLY___ :
2025-01-09 11:47:45,018 INFO     ___FILE_ONLY___  
2025-01-09 11:47:45,018 INFO     ___FILE_ONLY___ ALLOW_ALL
2025-01-09 11:47:45,018 INFO     ___FILE_ONLY___ 

2025-01-09 11:47:45,018 INFO     ___FILE_ONLY___   
2025-01-09 11:47:45,018 INFO     ___FILE_ONLY___ maxInstanceCount
2025-01-09 11:47:45,018 INFO     ___FILE_ONLY___ :
2025-01-09 11:47:45,018 INFO     ___FILE_ONLY___  
2025-01-09 11:47:45,018 INFO     ___FILE_ONLY___ 100
2025-01-09 11:47:45,018 INFO     ___FILE_ONLY___ 

2025-01-09 11:47:45,018 INFO     ___FILE_ONLY___   
2025-01-09 11:47:45,018 INFO     ___FILE_ONLY___ maxInstanceRequestConcurrency
2025-01-09 11:47:45,018 INFO     ___FILE_ONLY___ :
2025-01-09 11:47:45,018 INFO     ___FILE_ONLY___  
2025-01-09 11:47:45,018 INFO     ___FILE_ONLY___ 80
2025-01-09 11:47:45,018 INFO     ___FILE_ONLY___ 

2025-01-09 11:47:45,018 INFO     ___FILE_ONLY___   
2025-01-09 11:47:45,018 INFO     ___FILE_ONLY___ revision
2025-01-09 11:47:45,018 INFO     ___FILE_ONLY___ :
2025-01-09 11:47:45,018 INFO     ___FILE_ONLY___  
2025-01-09 11:47:45,018 INFO     ___FILE_ONLY___ arrows-00010-nij
2025-01-09 11:47:45,018 INFO     ___FILE_ONLY___ 

2025-01-09 11:47:45,018 INFO     ___FILE_ONLY___   
2025-01-09 11:47:45,018 INFO     ___FILE_ONLY___ service
2025-01-09 11:47:45,018 INFO     ___FILE_ONLY___ :
2025-01-09 11:47:45,018 INFO     ___FILE_ONLY___  
2025-01-09 11:47:45,018 INFO     ___FILE_ONLY___ projects/bookielink-dev/locations/us-central1/services/arrows
2025-01-09 11:47:45,018 INFO     ___FILE_ONLY___ 

2025-01-09 11:47:45,018 INFO     ___FILE_ONLY___   
2025-01-09 11:47:45,018 INFO     ___FILE_ONLY___ serviceAccountEmail
2025-01-09 11:47:45,018 INFO     ___FILE_ONLY___ :
2025-01-09 11:47:45,018 INFO     ___FILE_ONLY___  
2025-01-09 11:47:45,019 INFO     ___FILE_ONLY___ 510026108535-compute@developer.gserviceaccount.com
2025-01-09 11:47:45,019 INFO     ___FILE_ONLY___ 

2025-01-09 11:47:45,019 INFO     ___FILE_ONLY___   
2025-01-09 11:47:45,019 INFO     ___FILE_ONLY___ timeoutSeconds
2025-01-09 11:47:45,019 INFO     ___FILE_ONLY___ :
2025-01-09 11:47:45,019 INFO     ___FILE_ONLY___  
2025-01-09 11:47:45,019 INFO     ___FILE_ONLY___ 60
2025-01-09 11:47:45,019 INFO     ___FILE_ONLY___ 

2025-01-09 11:47:45,019 INFO     ___FILE_ONLY___   
2025-01-09 11:47:45,019 INFO     ___FILE_ONLY___ uri
2025-01-09 11:47:45,019 INFO     ___FILE_ONLY___ :
2025-01-09 11:47:45,019 INFO     ___FILE_ONLY___  
2025-01-09 11:47:45,019 INFO     ___FILE_ONLY___ https://arrows-bqyo2vbexq-uc.a.run.app
2025-01-09 11:47:45,019 INFO     ___FILE_ONLY___ 

2025-01-09 11:47:45,019 INFO     ___FILE_ONLY___   
2025-01-09 11:47:45,019 INFO     ___FILE_ONLY___ vpcConnector
2025-01-09 11:47:45,019 INFO     ___FILE_ONLY___ :
2025-01-09 11:47:45,019 INFO     ___FILE_ONLY___  
2025-01-09 11:47:45,019 INFO     ___FILE_ONLY___ projects/bookielink-dev/locations/us-central1/connectors/bookielink-dev-connector
2025-01-09 11:47:45,019 INFO     ___FILE_ONLY___ 

2025-01-09 11:47:45,019 INFO     ___FILE_ONLY___   
2025-01-09 11:47:45,019 INFO     ___FILE_ONLY___ vpcConnectorEgressSettings
2025-01-09 11:47:45,019 INFO     ___FILE_ONLY___ :
2025-01-09 11:47:45,019 INFO     ___FILE_ONLY___  
2025-01-09 11:47:45,019 INFO     ___FILE_ONLY___ ALL_TRAFFIC
2025-01-09 11:47:45,019 INFO     ___FILE_ONLY___ 

2025-01-09 11:47:45,019 INFO     ___FILE_ONLY___ state
2025-01-09 11:47:45,019 INFO     ___FILE_ONLY___ :
2025-01-09 11:47:45,019 INFO     ___FILE_ONLY___  
2025-01-09 11:47:45,019 INFO     ___FILE_ONLY___ ACTIVE
2025-01-09 11:47:45,019 INFO     ___FILE_ONLY___ 

2025-01-09 11:47:45,019 INFO     ___FILE_ONLY___ updateTime
2025-01-09 11:47:45,019 INFO     ___FILE_ONLY___ :
2025-01-09 11:47:45,019 INFO     ___FILE_ONLY___  '
2025-01-09 11:47:45,019 INFO     ___FILE_ONLY___ 2025-01-09T04:45:44.895257754Z
2025-01-09 11:47:45,019 INFO     ___FILE_ONLY___ '
2025-01-09 11:47:45,019 INFO     ___FILE_ONLY___ 

2025-01-09 11:47:45,019 INFO     ___FILE_ONLY___ url
2025-01-09 11:47:45,019 INFO     ___FILE_ONLY___ :
2025-01-09 11:47:45,020 INFO     ___FILE_ONLY___  
2025-01-09 11:47:45,020 INFO     ___FILE_ONLY___ https://us-central1-bookielink-dev.cloudfunctions.net/arrows
2025-01-09 11:47:45,020 INFO     ___FILE_ONLY___ 

